
> aurora-sovereign@0.1.0 build
> next build

   ▲ Next.js 15.1.6

   Creating an optimized production build ...
Failed to compile.

./src/styles/globals.css.webpack[javascript/auto]!=!./node_modules/next/dist/build/webpack/loaders/css-loader/src/index.js??ruleSet[1].rules[13].oneOf[10].use[2]!./node_modules/next/dist/build/webpack/loaders/postcss-loader/src/index.js??ruleSet[1].rules[13].oneOf[10].use[3]!./src/styles/globals.css
Error: Cannot find module 'autoprefixer'
Require stack:
- C:\Aurora\Projetos Mad Lab Aurora\Prime\node_modules\next\dist\build\webpack\config\blocks\css\plugins.js
- C:\Aurora\Projetos Mad Lab Aurora\Prime\node_modules\next\dist\build\webpack\config\blocks\css\index.js
- C:\Aurora\Projetos Mad Lab Aurora\Prime\node_modules\next\dist\build\webpack\config\index.js
- C:\Aurora\Projetos Mad Lab Aurora\Prime\node_modules\next\dist\build\webpack-config.js
- C:\Aurora\Projetos Mad Lab Aurora\Prime\node_modules\next\dist\build\webpack-build\impl.js
- C:\Aurora\Projetos Mad Lab Aurora\Prime\node_modules\next\dist\compiled\jest-worker\processChild.js
    at Module.<anonymous> (node:internal/modules/cjs/loader:1420:15)
    at C:\Aurora\Projetos Mad Lab Aurora\Prime\node_modules\next\dist\server\require-hook.js:55:36
    at require.resolve (node:internal/modules/helpers:163:19)
    at loadPlugin (C:\Aurora\Projetos Mad Lab Aurora\Prime\node_modules\next\dist\build\webpack\config\blocks\css\plugins.js:49:32)
    at C:\Aurora\Projetos Mad Lab Aurora\Prime\node_modules\next\dist\build\webpack\config\blocks\css\plugins.js:157:56
    at Array.map (<anonymous>)
    at getPostCssPlugins (C:\Aurora\Projetos Mad Lab Aurora\Prime\node_modules\next\dist\build\webpack\config\blocks\css\plugins.js:157:47)
    at async C:\Aurora\Projetos Mad Lab Aurora\Prime\node_modules\next\dist\build\webpack\config\blocks\css\index.js:124:36
    at async C:\Aurora\Projetos Mad Lab Aurora\Prime\node_modules\next\dist\build\webpack\loaders\postcss-loader\src\index.js:52:40
    at async Span.traceAsyncFn (C:\Aurora\Projetos Mad Lab Aurora\Prime\node_modules\next\dist\trace\trace.js:153:20)

Import trace for requested module:
./src/styles/globals.css.webpack[javascript/auto]!=!./node_modules/next/dist/build/webpack/loaders/css-loader/src/index.js??ruleSet[1].rules[13].oneOf[10].use[2]!./node_modules/next/dist/build/webpack/loaders/postcss-loader/src/index.js??ruleSet[1].rules[13].oneOf[10].use[3]!./src/styles/globals.css
./src/styles/globals.css

./src/styles/globals.css
Error: Cannot find module 'autoprefixer'
Require stack:
- C:\Aurora\Projetos Mad Lab Aurora\Prime\node_modules\next\dist\build\webpack\config\blocks\css\plugins.js
- C:\Aurora\Projetos Mad Lab Aurora\Prime\node_modules\next\dist\build\webpack\config\blocks\css\index.js
- C:\Aurora\Projetos Mad Lab Aurora\Prime\node_modules\next\dist\build\webpack\config\index.js
- C:\Aurora\Projetos Mad Lab Aurora\Prime\node_modules\next\dist\build\webpack-config.js
- C:\Aurora\Projetos Mad Lab Aurora\Prime\node_modules\next\dist\build\webpack-build\impl.js
- C:\Aurora\Projetos Mad Lab Aurora\Prime\node_modules\next\dist\compiled\jest-worker\processChild.js
    at Module.<anonymous> (node:internal/modules/cjs/loader:1420:15)
    at C:\Aurora\Projetos Mad Lab Aurora\Prime\node_modules\next\dist\server\require-hook.js:55:36
    at require.resolve (node:internal/modules/helpers:163:19)
    at loadPlugin (C:\Aurora\Projetos Mad Lab Aurora\Prime\node_modules\next\dist\build\webpack\config\blocks\css\plugins.js:49:32)
    at C:\Aurora\Projetos Mad Lab Aurora\Prime\node_modules\next\dist\build\webpack\config\blocks\css\plugins.js:157:56
    at Array.map (<anonymous>)
    at getPostCssPlugins (C:\Aurora\Projetos Mad Lab Aurora\Prime\node_modules\next\dist\build\webpack\config\blocks\css\plugins.js:157:47)
    at async C:\Aurora\Projetos Mad Lab Aurora\Prime\node_modules\next\dist\build\webpack\config\blocks\css\index.js:124:36
    at async C:\Aurora\Projetos Mad Lab Aurora\Prime\node_modules\next\dist\build\webpack\loaders\postcss-loader\src\index.js:52:40
    at async Span.traceAsyncFn (C:\Aurora\Projetos Mad Lab Aurora\Prime\node_modules\next\dist\trace\trace.js:153:20)
    at tryRunOrWebpackError (C:\Aurora\Projetos Mad Lab Aurora\Prime\node_modules\next\dist\compiled\webpack\bundle5.js:28:314962)
    at __webpack_require_module__ (C:\Aurora\Projetos Mad Lab Aurora\Prime\node_modules\next\dist\compiled\webpack\bundle5.js:28:131434)
    at __nested_webpack_require_161179__ (C:\Aurora\Projetos Mad Lab Aurora\Prime\node_modules\next\dist\compiled\webpack\bundle5.js:28:130872)
    at C:\Aurora\Projetos Mad Lab Aurora\Prime\node_modules\next\dist\compiled\webpack\bundle5.js:28:131723
    at symbolIterator (C:\Aurora\Projetos Mad Lab Aurora\Prime\node_modules\next\dist\compiled\neo-async\async.js:1:14444)
    at done (C:\Aurora\Projetos Mad Lab Aurora\Prime\node_modules\next\dist\compiled\neo-async\async.js:1:14824)
    at Hook.eval [as callAsync] (eval at create (C:\Aurora\Projetos Mad Lab Aurora\Prime\node_modules\next\dist\compiled\webpack\bundle5.js:13:9218), <anonymous>:15:1)
    at Hook.CALL_ASYNC_DELEGATE [as _callAsync] (C:\Aurora\Projetos Mad Lab Aurora\Prime\node_modules\next\dist\compiled\webpack\bundle5.js:13:6372)
    at C:\Aurora\Projetos Mad Lab Aurora\Prime\node_modules\next\dist\compiled\webpack\bundle5.js:28:130593
    at symbolIterator (C:\Aurora\Projetos Mad Lab Aurora\Prime\node_modules\next\dist\compiled\neo-async\async.js:1:14402)
-- inner error --
Error: Cannot find module 'autoprefixer'
Require stack:
- C:\Aurora\Projetos Mad Lab Aurora\Prime\node_modules\next\dist\build\webpack\config\blocks\css\plugins.js
- C:\Aurora\Projetos Mad Lab Aurora\Prime\node_modules\next\dist\build\webpack\config\blocks\css\index.js
- C:\Aurora\Projetos Mad Lab Aurora\Prime\node_modules\next\dist\build\webpack\config\index.js
- C:\Aurora\Projetos Mad Lab Aurora\Prime\node_modules\next\dist\build\webpack-config.js
- C:\Aurora\Projetos Mad Lab Aurora\Prime\node_modules\next\dist\build\webpack-build\impl.js
- C:\Aurora\Projetos Mad Lab Aurora\Prime\node_modules\next\dist\compiled\jest-worker\processChild.js
    at Module.<anonymous> (node:internal/modules/cjs/loader:1420:15)
    at C:\Aurora\Projetos Mad Lab Aurora\Prime\node_modules\next\dist\server\require-hook.js:55:36
    at require.resolve (node:internal/modules/helpers:163:19)
    at loadPlugin (C:\Aurora\Projetos Mad Lab Aurora\Prime\node_modules\next\dist\build\webpack\config\blocks\css\plugins.js:49:32)
    at C:\Aurora\Projetos Mad Lab Aurora\Prime\node_modules\next\dist\build\webpack\config\blocks\css\plugins.js:157:56
    at Array.map (<anonymous>)
    at getPostCssPlugins (C:\Aurora\Projetos Mad Lab Aurora\Prime\node_modules\next\dist\build\webpack\config\blocks\css\plugins.js:157:47)
    at async C:\Aurora\Projetos Mad Lab Aurora\Prime\node_modules\next\dist\build\webpack\config\blocks\css\index.js:124:36
    at async C:\Aurora\Projetos Mad Lab Aurora\Prime\node_modules\next\dist\build\webpack\loaders\postcss-loader\src\index.js:52:40
    at async Span.traceAsyncFn (C:\Aurora\Projetos Mad Lab Aurora\Prime\node_modules\next\dist\trace\trace.js:153:20)
    at Object.<anonymous> (C:\Aurora\Projetos Mad Lab Aurora\Prime\node_modules\next\dist\build\webpack\loaders\css-loader\src\index.js??ruleSet[1].rules[13].oneOf[10].use[2]!C:\Aurora\Projetos Mad Lab Aurora\Prime\node_modules\next\dist\build\webpack\loaders\postcss-loader\src\index.js??ruleSet[1].rules[13].oneOf[10].use[3]!C:\Aurora\Projetos Mad Lab Aurora\Prime\src\styles\globals.css:1:7)
    at C:\Aurora\Projetos Mad Lab Aurora\Prime\node_modules\next\dist\compiled\webpack\bundle5.js:28:955548
    at Hook.eval [as call] (eval at create (C:\Aurora\Projetos Mad Lab Aurora\Prime\node_modules\next\dist\compiled\webpack\bundle5.js:13:8996), <anonymous>:7:1)
    at Hook.CALL_DELEGATE [as _call] (C:\Aurora\Projetos Mad Lab Aurora\Prime\node_modules\next\dist\compiled\webpack\bundle5.js:13:6266)
    at C:\Aurora\Projetos Mad Lab Aurora\Prime\node_modules\next\dist\compiled\webpack\bundle5.js:28:131467
    at tryRunOrWebpackError (C:\Aurora\Projetos Mad Lab Aurora\Prime\node_modules\next\dist\compiled\webpack\bundle5.js:28:314916)
    at __webpack_require_module__ (C:\Aurora\Projetos Mad Lab Aurora\Prime\node_modules\next\dist\compiled\webpack\bundle5.js:28:131434)
    at __nested_webpack_require_161179__ (C:\Aurora\Projetos Mad Lab Aurora\Prime\node_modules\next\dist\compiled\webpack\bundle5.js:28:130872)
    at C:\Aurora\Projetos Mad Lab Aurora\Prime\node_modules\next\dist\compiled\webpack\bundle5.js:28:131723
    at symbolIterator (C:\Aurora\Projetos Mad Lab Aurora\Prime\node_modules\next\dist\compiled\neo-async\async.js:1:14444)

Generated code for C:\Aurora\Projetos Mad Lab Aurora\Prime\node_modules\next\dist\build\webpack\loaders\css-loader\src\index.js??ruleSet[1].rules[13].oneOf[10].use[2]!C:\Aurora\Projetos Mad Lab Aurora\Prime\node_modules\next\dist\build\webpack\loaders\postcss-loader\src\index.js??ruleSet[1].rules[13].oneOf[10].use[3]!C:\Aurora\Projetos Mad Lab Aurora\Prime\src\styles\globals.css

Import trace for requested module:
./src/styles/globals.css


> Build failed because of webpack errors
